<?xml version="1.0" encoding="utf-8"?><testsuites name="pytest tests"><testsuite name="pytest" errors="0" failures="0" skipped="0" tests="6" time="1.141" timestamp="2026-08-06T03:30:42.238684+00:00" hostname="agent-env-7e8e0283-a210-4e69-aa35-bc4384b9894e"><testcase classname="tests.iteration5_test" name="test_dashboard_stats_unscoped_vs_scoped" time="0.289" /><testcase classname="tests.iteration5_test" name="test_ics_summary_unscoped_vs_scoped" time="0.009" /><testcase classname="tests.iteration5_test" name="test_ics_transactions_scoped" time="0.020" /><testcase classname="tests.iteration5_test" name="test_invoices_scoped" time="0.011" /><testcase classname="tests.iteration5_test" name="test_cross_tenant_company_id_returns_no_data" time="0.269" /><testcase classname="tests.iteration5_test" name="test_regression_login_and_api_clients" time="0.006" /></testsuite></testsuites>