<?xml version="1.0" encoding="utf-8"?><testsuites name="pytest tests"><testsuite name="pytest" errors="0" failures="0" skipped="0" tests="13" time="1.055" timestamp="2026-08-06T03:20:47.653620+00:00" hostname="agent-env-7e8e0283-a210-4e69-aa35-bc4384b9894e"><testcase classname="tests.iteration4_test" name="test_dashboard_stats_perf_and_shape" time="0.236" /><testcase classname="tests.iteration4_test" name="test_invoices_pagination_and_projection" time="0.013" /><testcase classname="tests.iteration4_test" name="test_invoices_limit_clamp" time="0.008" /><testcase classname="tests.iteration4_test" name="test_masters_search_and_pagination[customers]" time="0.006" /><testcase classname="tests.iteration4_test" name="test_masters_search_and_pagination[suppliers]" time="0.006" /><testcase classname="tests.iteration4_test" name="test_masters_search_and_pagination[products]" time="0.006" /><testcase classname="tests.iteration4_test" name="test_audit_pagination_filters" time="0.010" /><testcase classname="tests.iteration4_test" name="test_seed_populates_minimum_masters" time="0.040" /><testcase classname="tests.iteration4_test" name="test_seed_idempotent" time="0.432" /><testcase classname="tests.iteration4_test" name="test_expected_indexes_present" time="0.002" /><testcase classname="tests.iteration4_test" name="test_login_and_me" time="0.003" /><testcase classname="tests.iteration4_test" name="test_api_clients_list" time="0.005" /><testcase classname="tests.iteration4_test" name="test_ics_summary" time="0.006" /></testsuite></testsuites>