<?xml version="1.0" encoding="utf-8"?><testsuites name="pytest tests"><testsuite name="pytest" errors="0" failures="0" skipped="0" tests="10" time="8.712" timestamp="2026-08-05T12:54:15.262063+00:00" hostname="agent-env-7e8e0283-a210-4e69-aa35-bc4384b9894e"><testcase classname="tests.iteration3_test" name="test_snippets_requires_auth" time="0.986" /><testcase classname="tests.iteration3_test" name="test_snippets_shape_and_content" time="0.411" /><testcase classname="tests.iteration3_test" name="test_snippets_404_for_wrong_id" time="0.057" /><testcase classname="tests.iteration3_test" name="test_snippets_cross_tenant_isolation" time="0.986" /><testcase classname="tests.iteration3_test" name="test_rate_limit_put_updates_and_reflects" time="0.527" /><testcase classname="tests.iteration3_test" name="test_rate_limit_validation" time="0.468" /><testcase classname="tests.iteration3_test" name="test_rate_limit_cross_tenant" time="0.409" /><testcase classname="tests.iteration3_test" name="test_register_with_rate_limit" time="0.406" /><testcase classname="tests.iteration3_test" name="test_rate_limit_enforcement" time="1.801" /><testcase classname="tests.iteration3_test" name="test_real_lhdn_preprod_submission" time="2.534" /></testsuite></testsuites>