<?xml version="1.0" encoding="utf-8"?><testsuites name="pytest tests"><testsuite name="pytest" errors="0" failures="0" skipped="0" tests="14" time="6.070" timestamp="2026-07-27T10:17:54.110192+00:00" hostname="agent-env-7e8e0283-a210-4e69-aa35-bc4384b9894e"><testcase classname="tests.iteration2_test.TestGovConfig" name="test_upsert_redacted" time="0.575" /><testcase classname="tests.iteration2_test.TestGovConfig" name="test_dashboard_adapter_mode_preprod" time="0.050" /><testcase classname="tests.iteration2_test.TestGovConfig" name="test_verify_bogus_returns_ok_false" time="1.044" /><testcase classname="tests.iteration2_test.TestGovConfig" name="test_delete_reverts_to_mock" time="0.099" /><testcase classname="tests.iteration2_test.TestSigningSession" name="test_create_session_shape" time="0.165" /><testcase classname="tests.iteration2_test.TestSigningSession" name="test_approve_wrong_code" time="0.193" /><testcase classname="tests.iteration2_test.TestSigningSession" name="test_approve_correct_code_and_audit" time="0.241" /><testcase classname="tests.iteration2_test.TestSigningSession" name="test_submit_without_signing_id_400" time="0.138" /><testcase classname="tests.iteration2_test.TestSigningSession" name="test_submit_with_invalid_signing_id" time="0.148" /><testcase classname="tests.iteration2_test.TestSigningSession" name="test_full_submit_flow_and_consume" time="0.968" /><testcase classname="tests.iteration2_test.TestSigningSession" name="test_session_bound_to_entity" time="0.364" /><testcase classname="tests.iteration2_test.TestSigningSession" name="test_session_tenant_scoped" time="0.505" /><testcase classname="tests.iteration2_test.TestSigningSession" name="test_cancel_requires_signing" time="1.248" /><testcase classname="tests.iteration2_test.TestSigningSession" name="test_expired_session_status" time="0.278" /></testsuite></testsuites>