<?xml version="1.0" encoding="utf-8"?><testsuites name="pytest tests"><testsuite name="pytest" errors="0" failures="0" skipped="0" tests="16" time="5.985" timestamp="2026-07-27T09:52:07.950113+00:00" hostname="agent-env-7e8e0283-a210-4e69-aa35-bc4384b9894e"><testcase classname="tests.backend_test" name="test_health" time="0.135" /><testcase classname="tests.backend_test" name="test_admin_login" time="0.376" /><testcase classname="tests.backend_test" name="test_login_invalid" time="0.332" /><testcase classname="tests.backend_test" name="test_dashboard_stats" time="0.053" /><testcase classname="tests.backend_test" name="test_companies_seeded_and_create" time="0.098" /><testcase classname="tests.backend_test" name="test_customers_and_products" time="0.140" /><testcase classname="tests.backend_test" name="test_invoice_lifecycle_validated" time="0.695" /><testcase classname="tests.backend_test" name="test_invoice_rejection_13_cents" time="0.690" /><testcase classname="tests.backend_test" name="test_invoice_cancel_after_validate" time="1.431" /><testcase classname="tests.backend_test" name="test_mytax_role_application_flow" time="0.283" /><testcase classname="tests.backend_test" name="test_mytax_representatives_default_permission" time="0.053" /><testcase classname="tests.backend_test" name="test_mytax_intermediaries_validation" time="0.094" /><testcase classname="tests.backend_test" name="test_users_crud" time="0.315" /><testcase classname="tests.backend_test" name="test_roles_catalog" time="0.047" /><testcase classname="tests.backend_test" name="test_audit_grows" time="0.185" /><testcase classname="tests.backend_test" name="test_tenant_isolation" time="0.542" /></testsuite></testsuites>