<?xml version="1.0" encoding="utf-8"?><testsuites name="pytest tests"><testsuite name="pytest" errors="0" failures="0" skipped="0" tests="30" time="11.911" timestamp="2026-07-27T10:18:05.227196+00:00" hostname="agent-env-7e8e0283-a210-4e69-aa35-bc4384b9894e"><testcase classname="tests.backend_test" name="test_health" time="0.142" /><testcase classname="tests.backend_test" name="test_admin_login" time="0.362" /><testcase classname="tests.backend_test" name="test_login_invalid" time="0.322" /><testcase classname="tests.backend_test" name="test_dashboard_stats" time="0.054" /><testcase classname="tests.backend_test" name="test_companies_seeded_and_create" time="0.089" /><testcase classname="tests.backend_test" name="test_customers_and_products" time="0.131" /><testcase classname="tests.backend_test" name="test_invoice_lifecycle_validated" time="0.784" /><testcase classname="tests.backend_test" name="test_invoice_rejection_13_cents" time="0.781" /><testcase classname="tests.backend_test" name="test_invoice_cancel_after_validate" time="1.769" /><testcase classname="tests.backend_test" name="test_mytax_role_application_flow" time="0.276" /><testcase classname="tests.backend_test" name="test_mytax_representatives_default_permission" time="0.047" /><testcase classname="tests.backend_test" name="test_mytax_intermediaries_validation" time="0.089" /><testcase classname="tests.backend_test" name="test_users_crud" time="0.313" /><testcase classname="tests.backend_test" name="test_roles_catalog" time="0.041" /><testcase classname="tests.backend_test" name="test_audit_grows" time="0.189" /><testcase classname="tests.backend_test" name="test_tenant_isolation" time="0.593" /><testcase classname="tests.iteration2_test.TestGovConfig" name="test_upsert_redacted" time="0.419" /><testcase classname="tests.iteration2_test.TestGovConfig" name="test_dashboard_adapter_mode_preprod" time="0.051" /><testcase classname="tests.iteration2_test.TestGovConfig" name="test_verify_bogus_returns_ok_false" time="0.983" /><testcase classname="tests.iteration2_test.TestGovConfig" name="test_delete_reverts_to_mock" time="0.094" /><testcase classname="tests.iteration2_test.TestSigningSession" name="test_create_session_shape" time="0.136" /><testcase classname="tests.iteration2_test.TestSigningSession" name="test_approve_wrong_code" time="0.223" /><testcase classname="tests.iteration2_test.TestSigningSession" name="test_approve_correct_code_and_audit" time="0.233" /><testcase classname="tests.iteration2_test.TestSigningSession" name="test_submit_without_signing_id_400" time="0.171" /><testcase classname="tests.iteration2_test.TestSigningSession" name="test_submit_with_invalid_signing_id" time="0.136" /><testcase classname="tests.iteration2_test.TestSigningSession" name="test_full_submit_flow_and_consume" time="0.997" /><testcase classname="tests.iteration2_test.TestSigningSession" name="test_session_bound_to_entity" time="0.358" /><testcase classname="tests.iteration2_test.TestSigningSession" name="test_session_tenant_scoped" time="0.566" /><testcase classname="tests.iteration2_test.TestSigningSession" name="test_cancel_requires_signing" time="1.199" /><testcase classname="tests.iteration2_test.TestSigningSession" name="test_expired_session_status" time="0.267" /></testsuite></testsuites>